[2025-11-09T18:01:14.070+0000] {taskinstance.py:1956} INFO - Dependencies all met for dep_context=non-requeueable deps ti=<TaskInstance: ceiling_grid_pipeline.generate_visualization manual__2025-11-09T18:01:10.302385+00:00 [queued]>
[2025-11-09T18:01:14.074+0000] {taskinstance.py:1956} INFO - Dependencies all met for dep_context=requeueable deps ti=<TaskInstance: ceiling_grid_pipeline.generate_visualization manual__2025-11-09T18:01:10.302385+00:00 [queued]>
[2025-11-09T18:01:14.074+0000] {taskinstance.py:2170} INFO - Starting attempt 1 of 2
[2025-11-09T18:01:14.079+0000] {taskinstance.py:2191} INFO - Executing <Task(PythonOperator): generate_visualization> on 2025-11-09 18:01:10.302385+00:00
[2025-11-09T18:01:14.081+0000] {standard_task_runner.py:60} INFO - Started process 282 to run task
[2025-11-09T18:01:14.083+0000] {standard_task_runner.py:87} INFO - Running: ['***', 'tasks', 'run', 'ceiling_grid_pipeline', 'generate_visualization', 'manual__2025-11-09T18:01:10.302385+00:00', '--job-id', '9', '--raw', '--subdir', 'DAGS_FOLDER/ceiling_grid_pipeline_dag.py', '--cfg-path', '/tmp/tmps_akp1ru']
[2025-11-09T18:01:14.085+0000] {standard_task_runner.py:88} INFO - Job 9: Subtask generate_visualization
[2025-11-09T18:01:14.117+0000] {task_command.py:423} INFO - Running <TaskInstance: ceiling_grid_pipeline.generate_visualization manual__2025-11-09T18:01:10.302385+00:00 [running]> on host cf20012a56c1
[2025-11-09T18:01:14.173+0000] {taskinstance.py:2480} INFO - Exporting env vars: AIRFLOW_CTX_DAG_OWNER='mlops-team' AIRFLOW_CTX_DAG_ID='ceiling_grid_pipeline' AIRFLOW_CTX_TASK_ID='generate_visualization' AIRFLOW_CTX_EXECUTION_DATE='2025-11-09T18:01:10.302385+00:00' AIRFLOW_CTX_TRY_NUMBER='1' AIRFLOW_CTX_DAG_RUN_ID='manual__2025-11-09T18:01:10.302385+00:00'
[2025-11-09T18:01:14.188+0000] {logging_mixin.py:188} WARNING - /home/***/.local/lib/python3.11/site-packages/pydantic/_internal/_fields.py:149 UserWarning: Field "model_name" has conflict with protected namespace "model_".

You may be able to resolve this warning by setting `model_config['protected_namespaces'] = ()`.
[2025-11-09T18:01:14.213+0000] {taskinstance.py:2698} ERROR - Task failed with exception
Traceback (most recent call last):
  File "/home/airflow/.local/lib/python3.11/site-packages/airflow/models/taskinstance.py", line 433, in _execute_task
    result = execute_callable(context=context, **execute_callable_kwargs)
             ^^^^^^^^^^^^^^^^^^^^^^^^^^^^^^^^^^^^^^^^^^^^^^^^^^^^^^^^^^^^
  File "/home/airflow/.local/lib/python3.11/site-packages/airflow/operators/python.py", line 199, in execute
    return_value = self.execute_callable()
                   ^^^^^^^^^^^^^^^^^^^^^^^
  File "/home/airflow/.local/lib/python3.11/site-packages/airflow/operators/python.py", line 216, in execute_callable
    return self.python_callable(*self.op_args, **self.op_kwargs)
           ^^^^^^^^^^^^^^^^^^^^^^^^^^^^^^^^^^^^^^^^^^^^^^^^^^^^^
  File "/opt/airflow/dags/ceiling_grid_pipeline_dag.py", line 178, in generate_visualization
    renderer.render_pipeline_stages(stages, output_path)
  File "/opt/airflow/src/visualization/grid_renderer.py", line 38, in render_pipeline_stages
    html = self._generate_html(stages)
           ^^^^^^^^^^^^^^^^^^^^^^^^^^^
  File "/opt/airflow/src/visualization/grid_renderer.py", line 48, in _generate_html
    stages_html = "\n".join([
                            ^
  File "/opt/airflow/src/visualization/grid_renderer.py", line 49, in <listcomp>
    self._render_stage(name, grid, idx)
  File "/opt/airflow/src/visualization/grid_renderer.py", line 111, in _render_stage
    total_count = len(grid.components)
                      ^^^^^^^^^^^^^^^
  File "/home/airflow/.local/lib/python3.11/site-packages/pydantic/main.py", line 761, in __getattr__
    raise AttributeError(f'{type(self).__name__!r} object has no attribute {item!r}')
AttributeError: 'Grid' object has no attribute 'components'
[2025-11-09T18:01:14.227+0000] {taskinstance.py:1138} INFO - Marking task as UP_FOR_RETRY. dag_id=ceiling_grid_pipeline, task_id=generate_visualization, execution_date=20251109T180110, start_date=20251109T180114, end_date=20251109T180114
[2025-11-09T18:01:14.237+0000] {standard_task_runner.py:107} ERROR - Failed to execute job 9 for task generate_visualization ('Grid' object has no attribute 'components'; 282)
[2025-11-09T18:01:14.263+0000] {local_task_job_runner.py:234} INFO - Task exited with return code 1
[2025-11-09T18:01:14.276+0000] {taskinstance.py:3280} INFO - 0 downstream tasks scheduled from follow-on schedule check
