[2025-11-09T18:01:11.202+0000] {taskinstance.py:1956} INFO - Dependencies all met for dep_context=non-requeueable deps ti=<TaskInstance: ceiling_grid_pipeline.run_parallel_light_models manual__2025-11-09T18:01:10.302385+00:00 [queued]>
[2025-11-09T18:01:11.207+0000] {taskinstance.py:1956} INFO - Dependencies all met for dep_context=requeueable deps ti=<TaskInstance: ceiling_grid_pipeline.run_parallel_light_models manual__2025-11-09T18:01:10.302385+00:00 [queued]>
[2025-11-09T18:01:11.208+0000] {taskinstance.py:2170} INFO - Starting attempt 1 of 2
[2025-11-09T18:01:11.216+0000] {taskinstance.py:2191} INFO - Executing <Task(PythonOperator): run_parallel_light_models> on 2025-11-09 18:01:10.302385+00:00
[2025-11-09T18:01:11.220+0000] {standard_task_runner.py:60} INFO - Started process 276 to run task
[2025-11-09T18:01:11.223+0000] {standard_task_runner.py:87} INFO - Running: ['***', 'tasks', 'run', 'ceiling_grid_pipeline', 'run_parallel_light_models', 'manual__2025-11-09T18:01:10.302385+00:00', '--job-id', '6', '--raw', '--subdir', 'DAGS_FOLDER/ceiling_grid_pipeline_dag.py', '--cfg-path', '/tmp/tmppz1bmphb']
[2025-11-09T18:01:11.226+0000] {standard_task_runner.py:88} INFO - Job 6: Subtask run_parallel_light_models
[2025-11-09T18:01:11.266+0000] {task_command.py:423} INFO - Running <TaskInstance: ceiling_grid_pipeline.run_parallel_light_models manual__2025-11-09T18:01:10.302385+00:00 [running]> on host cf20012a56c1
[2025-11-09T18:01:11.334+0000] {taskinstance.py:2480} INFO - Exporting env vars: AIRFLOW_CTX_DAG_OWNER='mlops-team' AIRFLOW_CTX_DAG_ID='ceiling_grid_pipeline' AIRFLOW_CTX_TASK_ID='run_parallel_light_models' AIRFLOW_CTX_EXECUTION_DATE='2025-11-09T18:01:10.302385+00:00' AIRFLOW_CTX_TRY_NUMBER='1' AIRFLOW_CTX_DAG_RUN_ID='manual__2025-11-09T18:01:10.302385+00:00'
[2025-11-09T18:01:11.350+0000] {logging_mixin.py:188} WARNING - /home/***/.local/lib/python3.11/site-packages/pydantic/_internal/_fields.py:149 UserWarning: Field "model_name" has conflict with protected namespace "model_".

You may be able to resolve this warning by setting `model_config['protected_namespaces'] = ()`.
[2025-11-09T18:01:11.400+0000] {logging_mixin.py:188} INFO - 2025-11-09T18:01:11.399798Z [info     ] parallel_stage_start           grid_id=room-001 num_models=3 stage=parallel_light_placement
[2025-11-09T18:01:11.401+0000] {logging_mixin.py:188} INFO - 2025-11-09T18:01:11.401041Z [info     ] model_execution_complete       confidence=0.7401 duration_ms=0.54 model=light_model_a_dense stage=parallel_light_placement
[2025-11-09T18:01:11.401+0000] {logging_mixin.py:188} INFO - 2025-11-09T18:01:11.401736Z [info     ] model_execution_complete       confidence=0.5858 duration_ms=0.35 model=light_model_b_sparse stage=parallel_light_placement
[2025-11-09T18:01:11.402+0000] {logging_mixin.py:188} INFO - 2025-11-09T18:01:11.402531Z [info     ] model_execution_complete       confidence=0.4358 duration_ms=0.46 model=light_model_c_balanced stage=parallel_light_placement
[2025-11-09T18:01:11.402+0000] {logging_mixin.py:188} INFO - 2025-11-09T18:01:11.402792Z [info     ] model_selected                 candidate_models=3 confidence=0.7401 selected_model=light_model_a_dense
[2025-11-09T18:01:11.417+0000] {python.py:201} INFO - Done. Returned value was: ✅ Selected light_model_a_dense | Confidence: 0.7401 | Lights placed: 38
[2025-11-09T18:01:11.433+0000] {taskinstance.py:1138} INFO - Marking task as SUCCESS. dag_id=ceiling_grid_pipeline, task_id=run_parallel_light_models, execution_date=20251109T180110, start_date=20251109T180111, end_date=20251109T180111
[2025-11-09T18:01:11.448+0000] {local_task_job_runner.py:234} INFO - Task exited with return code 0
[2025-11-09T18:01:11.472+0000] {taskinstance.py:3280} INFO - 1 downstream tasks scheduled from follow-on schedule check
