[2025-11-09T17:47:00.315+0000] {manager.py:469} INFO - Processing files using up to 2 processes at a time 
[2025-11-09T17:47:00.316+0000] {manager.py:470} INFO - Process each file at most once every 30 seconds
[2025-11-09T17:47:00.316+0000] {manager.py:471} INFO - Checking for new files in /opt/airflow/dags every 300 seconds
[2025-11-09T17:47:00.317+0000] {manager.py:738} INFO - Searching for files in /opt/airflow/dags
[2025-11-09T17:47:00.320+0000] {manager.py:741} INFO - There are 1 files in /opt/airflow/dags
[2025-11-09T17:47:00.475+0000] {manager.py:879} INFO - 
================================================================================
DAG File Processing Stats

File Path                                         PID  Runtime      # DAGs    # Errors  Last Runtime    Last Run
----------------------------------------------  -----  ---------  --------  ----------  --------------  ----------
/opt/airflow/dags/ceiling_grid_pipeline_dag.py    166  0.07s             0           0
================================================================================
[2025-11-09T17:47:30.731+0000] {manager.py:879} INFO - 
================================================================================
DAG File Processing Stats

File Path                                         PID  Runtime      # DAGs    # Errors  Last Runtime    Last Run
----------------------------------------------  -----  ---------  --------  ----------  --------------  -------------------
/opt/airflow/dags/ceiling_grid_pipeline_dag.py    191  0.01s             1           0  0.21s           2025-11-09T17:47:00
================================================================================
[2025-11-09T17:48:01.181+0000] {manager.py:879} INFO - 
================================================================================
DAG File Processing Stats

File Path                                         PID  Runtime      # DAGs    # Errors  Last Runtime    Last Run
----------------------------------------------  -----  ---------  --------  ----------  --------------  -------------------
/opt/airflow/dags/ceiling_grid_pipeline_dag.py    210  0.02s             1           0  0.25s           2025-11-09T17:47:30
================================================================================
[2025-11-09T17:48:31.552+0000] {manager.py:879} INFO - 
================================================================================
DAG File Processing Stats

File Path                                         PID  Runtime      # DAGs    # Errors  Last Runtime    Last Run
----------------------------------------------  -----  ---------  --------  ----------  --------------  -------------------
/opt/airflow/dags/ceiling_grid_pipeline_dag.py    236  0.01s             1           0  0.13s           2025-11-09T17:48:01
================================================================================
[2025-11-09T17:49:01.901+0000] {manager.py:879} INFO - 
================================================================================
DAG File Processing Stats

File Path                                         PID  Runtime      # DAGs    # Errors  Last Runtime    Last Run
----------------------------------------------  -----  ---------  --------  ----------  --------------  -------------------
/opt/airflow/dags/ceiling_grid_pipeline_dag.py    262  0.02s             1           0  0.08s           2025-11-09T17:48:31
================================================================================
[2025-11-09T17:49:32.230+0000] {manager.py:879} INFO - 
================================================================================
DAG File Processing Stats

File Path                                         PID  Runtime      # DAGs    # Errors  Last Runtime    Last Run
----------------------------------------------  -----  ---------  --------  ----------  --------------  -------------------
/opt/airflow/dags/ceiling_grid_pipeline_dag.py    281  0.02s             1           0  0.13s           2025-11-09T17:49:02
================================================================================
[2025-11-09T17:50:02.628+0000] {manager.py:879} INFO - 
================================================================================
DAG File Processing Stats

File Path                                         PID  Runtime      # DAGs    # Errors  Last Runtime    Last Run
----------------------------------------------  -----  ---------  --------  ----------  --------------  -------------------
/opt/airflow/dags/ceiling_grid_pipeline_dag.py    307  0.02s             1           0  0.13s           2025-11-09T17:49:32
================================================================================
[2025-11-09T17:50:33.009+0000] {manager.py:879} INFO - 
================================================================================
DAG File Processing Stats

File Path                                         PID  Runtime      # DAGs    # Errors  Last Runtime    Last Run
----------------------------------------------  -----  ---------  --------  ----------  --------------  -------------------
/opt/airflow/dags/ceiling_grid_pipeline_dag.py    333  0.01s             1           0  0.12s           2025-11-09T17:50:02
================================================================================
[2025-11-09T17:51:03.329+0000] {manager.py:879} INFO - 
================================================================================
DAG File Processing Stats

File Path                                         PID  Runtime      # DAGs    # Errors  Last Runtime    Last Run
----------------------------------------------  -----  ---------  --------  ----------  --------------  -------------------
/opt/airflow/dags/ceiling_grid_pipeline_dag.py    358  0.02s             1           0  0.14s           2025-11-09T17:50:33
================================================================================
[2025-11-09T17:51:34.035+0000] {manager.py:879} INFO - 
================================================================================
DAG File Processing Stats

File Path                                         PID  Runtime      # DAGs    # Errors  Last Runtime    Last Run
----------------------------------------------  -----  ---------  --------  ----------  --------------  -------------------
/opt/airflow/dags/ceiling_grid_pipeline_dag.py    384  0.05s             1           0  0.14s           2025-11-09T17:51:03
================================================================================
[2025-11-09T17:52:00.423+0000] {manager.py:738} INFO - Searching for files in /opt/airflow/dags
[2025-11-09T17:52:00.439+0000] {manager.py:741} INFO - There are 1 files in /opt/airflow/dags
[2025-11-09T17:52:04.514+0000] {manager.py:879} INFO - 
================================================================================
DAG File Processing Stats

File Path                                         PID  Runtime      # DAGs    # Errors  Last Runtime    Last Run
----------------------------------------------  -----  ---------  --------  ----------  --------------  -------------------
/opt/airflow/dags/ceiling_grid_pipeline_dag.py    410  0.02s             1           0  0.32s           2025-11-09T17:51:34
================================================================================
[2025-11-09T17:52:35.129+0000] {manager.py:879} INFO - 
================================================================================
DAG File Processing Stats

File Path                                         PID  Runtime      # DAGs    # Errors  Last Runtime    Last Run
----------------------------------------------  -----  ---------  --------  ----------  --------------  -------------------
/opt/airflow/dags/ceiling_grid_pipeline_dag.py    429  0.06s             1           0  0.15s           2025-11-09T17:52:04
================================================================================
[2025-11-09T17:53:05.762+0000] {manager.py:879} INFO - 
================================================================================
DAG File Processing Stats

File Path                                         PID  Runtime      # DAGs    # Errors  Last Runtime    Last Run
----------------------------------------------  -----  ---------  --------  ----------  --------------  -------------------
/opt/airflow/dags/ceiling_grid_pipeline_dag.py    455  0.02s             1           0  0.37s           2025-11-09T17:52:35
================================================================================
[2025-11-09T17:53:36.087+0000] {manager.py:879} INFO - 
================================================================================
DAG File Processing Stats

File Path                                         PID  Runtime      # DAGs    # Errors  Last Runtime    Last Run
----------------------------------------------  -----  ---------  --------  ----------  --------------  -------------------
/opt/airflow/dags/ceiling_grid_pipeline_dag.py    474  0.02s             1           0  0.15s           2025-11-09T17:53:05
================================================================================
[2025-11-09T17:54:06.667+0000] {manager.py:879} INFO - 
================================================================================
DAG File Processing Stats

File Path                                         PID  Runtime      # DAGs    # Errors  Last Runtime    Last Run
----------------------------------------------  -----  ---------  --------  ----------  --------------  -------------------
/opt/airflow/dags/ceiling_grid_pipeline_dag.py    500  0.07s             1           0  0.14s           2025-11-09T17:53:36
================================================================================
[2025-11-09T17:54:37.293+0000] {manager.py:879} INFO - 
================================================================================
DAG File Processing Stats

File Path                                         PID  Runtime      # DAGs    # Errors  Last Runtime    Last Run
----------------------------------------------  -----  ---------  --------  ----------  --------------  -------------------
/opt/airflow/dags/ceiling_grid_pipeline_dag.py    519  0.05s             1           0  0.35s           2025-11-09T17:54:06
================================================================================
[2025-11-09T17:55:07.616+0000] {manager.py:879} INFO - 
================================================================================
DAG File Processing Stats

File Path                                         PID  Runtime      # DAGs    # Errors  Last Runtime    Last Run
----------------------------------------------  -----  ---------  --------  ----------  --------------  -------------------
/opt/airflow/dags/ceiling_grid_pipeline_dag.py    545  0.03s             1           0  0.22s           2025-11-09T17:54:37
================================================================================
[2025-11-09T17:55:38.095+0000] {manager.py:879} INFO - 
================================================================================
DAG File Processing Stats

File Path                                         PID  Runtime      # DAGs    # Errors  Last Runtime    Last Run
----------------------------------------------  -----  ---------  --------  ----------  --------------  -------------------
/opt/airflow/dags/ceiling_grid_pipeline_dag.py    571  0.02s             1           0  0.17s           2025-11-09T17:55:07
================================================================================
[2025-11-09T17:56:08.555+0000] {manager.py:879} INFO - 
================================================================================
DAG File Processing Stats

File Path                                         PID  Runtime      # DAGs    # Errors  Last Runtime    Last Run
----------------------------------------------  -----  ---------  --------  ----------  --------------  -------------------
/opt/airflow/dags/ceiling_grid_pipeline_dag.py    590  0.04s             1           0  0.20s           2025-11-09T17:55:38
================================================================================
[2025-11-09T17:56:38.917+0000] {manager.py:879} INFO - 
================================================================================
DAG File Processing Stats

File Path                                         PID  Runtime      # DAGs    # Errors  Last Runtime    Last Run
----------------------------------------------  -----  ---------  --------  ----------  --------------  -------------------
/opt/airflow/dags/ceiling_grid_pipeline_dag.py    616  0.01s             1           0  0.15s           2025-11-09T17:56:08
================================================================================
[2025-11-09T17:57:01.230+0000] {manager.py:738} INFO - Searching for files in /opt/airflow/dags
[2025-11-09T17:57:01.252+0000] {manager.py:741} INFO - There are 1 files in /opt/airflow/dags
[2025-11-09T17:57:09.377+0000] {manager.py:879} INFO - 
================================================================================
DAG File Processing Stats

File Path                                         PID  Runtime      # DAGs    # Errors  Last Runtime    Last Run
----------------------------------------------  -----  ---------  --------  ----------  --------------  -------------------
/opt/airflow/dags/ceiling_grid_pipeline_dag.py    642  0.01s             1           0  0.14s           2025-11-09T17:56:39
================================================================================
[2025-11-09T17:57:39.738+0000] {manager.py:879} INFO - 
================================================================================
DAG File Processing Stats

File Path                                         PID  Runtime      # DAGs    # Errors  Last Runtime    Last Run
----------------------------------------------  -----  ---------  --------  ----------  --------------  -------------------
/opt/airflow/dags/ceiling_grid_pipeline_dag.py    661  0.01s             1           0  0.12s           2025-11-09T17:57:09
================================================================================
[2025-11-09T17:58:10.082+0000] {manager.py:879} INFO - 
================================================================================
DAG File Processing Stats

File Path                                       PID    Runtime      # DAGs    # Errors  Last Runtime    Last Run
----------------------------------------------  -----  ---------  --------  ----------  --------------  -------------------
/opt/airflow/dags/ceiling_grid_pipeline_dag.py                           1           0  0.21s           2025-11-09T17:58:08
================================================================================
[2025-11-09T17:58:40.566+0000] {manager.py:879} INFO - 
================================================================================
DAG File Processing Stats

File Path                                       PID    Runtime      # DAGs    # Errors  Last Runtime    Last Run
----------------------------------------------  -----  ---------  --------  ----------  --------------  -------------------
/opt/airflow/dags/ceiling_grid_pipeline_dag.py                           1           0  0.06s           2025-11-09T17:58:15
================================================================================
[2025-11-09T17:58:51.973+0000] {manager.py:451} INFO - Exiting gracefully upon receiving signal 15
[2025-11-09T17:59:01.636+0000] {manager.py:469} INFO - Processing files using up to 2 processes at a time 
[2025-11-09T17:59:01.637+0000] {manager.py:470} INFO - Process each file at most once every 30 seconds
[2025-11-09T17:59:01.637+0000] {manager.py:471} INFO - Checking for new files in /opt/airflow/dags every 300 seconds
[2025-11-09T17:59:01.637+0000] {manager.py:738} INFO - Searching for files in /opt/airflow/dags
[2025-11-09T17:59:01.640+0000] {manager.py:741} INFO - There are 1 files in /opt/airflow/dags
[2025-11-09T17:59:01.696+0000] {manager.py:879} INFO - 
================================================================================
DAG File Processing Stats

File Path                                         PID  Runtime      # DAGs    # Errors  Last Runtime    Last Run
----------------------------------------------  -----  ---------  --------  ----------  --------------  ----------
/opt/airflow/dags/ceiling_grid_pipeline_dag.py    165  0.02s             0           0
================================================================================
[2025-11-09T17:59:31.974+0000] {manager.py:879} INFO - 
================================================================================
DAG File Processing Stats

File Path                                         PID  Runtime      # DAGs    # Errors  Last Runtime    Last Run
----------------------------------------------  -----  ---------  --------  ----------  --------------  -------------------
/opt/airflow/dags/ceiling_grid_pipeline_dag.py    192  0.03s             1           0  0.09s           2025-11-09T17:59:01
================================================================================
[2025-11-09T18:00:02.335+0000] {manager.py:879} INFO - 
================================================================================
DAG File Processing Stats

File Path                                         PID  Runtime      # DAGs    # Errors  Last Runtime    Last Run
----------------------------------------------  -----  ---------  --------  ----------  --------------  -------------------
/opt/airflow/dags/ceiling_grid_pipeline_dag.py    211  0.01s             1           0  0.17s           2025-11-09T17:59:32
================================================================================
[2025-11-09T18:00:32.610+0000] {manager.py:879} INFO - 
================================================================================
DAG File Processing Stats

File Path                                         PID  Runtime      # DAGs    # Errors  Last Runtime    Last Run
----------------------------------------------  -----  ---------  --------  ----------  --------------  -------------------
/opt/airflow/dags/ceiling_grid_pipeline_dag.py    237  0.01s             1           0  0.13s           2025-11-09T18:00:02
================================================================================
[2025-11-09T18:01:03.006+0000] {manager.py:879} INFO - 
================================================================================
DAG File Processing Stats

File Path                                         PID  Runtime      # DAGs    # Errors  Last Runtime    Last Run
----------------------------------------------  -----  ---------  --------  ----------  --------------  -------------------
/opt/airflow/dags/ceiling_grid_pipeline_dag.py    263  0.02s             1           0  0.15s           2025-11-09T18:00:32
================================================================================
[2025-11-09T18:01:33.315+0000] {manager.py:879} INFO - 
================================================================================
DAG File Processing Stats

File Path                                         PID  Runtime      # DAGs    # Errors  Last Runtime    Last Run
----------------------------------------------  -----  ---------  --------  ----------  --------------  -------------------
/opt/airflow/dags/ceiling_grid_pipeline_dag.py    290  0.02s             1           0  0.14s           2025-11-09T18:01:03
================================================================================
[2025-11-09T18:02:03.645+0000] {manager.py:879} INFO - 
================================================================================
DAG File Processing Stats

File Path                                         PID  Runtime      # DAGs    # Errors  Last Runtime    Last Run
----------------------------------------------  -----  ---------  --------  ----------  --------------  -------------------
/opt/airflow/dags/ceiling_grid_pipeline_dag.py    316  0.01s             1           0  0.18s           2025-11-09T18:01:33
================================================================================
[2025-11-09T18:02:34.028+0000] {manager.py:879} INFO - 
================================================================================
DAG File Processing Stats

File Path                                         PID  Runtime      # DAGs    # Errors  Last Runtime    Last Run
----------------------------------------------  -----  ---------  --------  ----------  --------------  -------------------
/opt/airflow/dags/ceiling_grid_pipeline_dag.py    342  0.01s             1           0  0.14s           2025-11-09T18:02:03
================================================================================
[2025-11-09T18:02:58.925+0000] {manager.py:451} INFO - Exiting gracefully upon receiving signal 15
[2025-11-09T18:03:05.131+0000] {manager.py:469} INFO - Processing files using up to 2 processes at a time 
[2025-11-09T18:03:05.131+0000] {manager.py:470} INFO - Process each file at most once every 30 seconds
[2025-11-09T18:03:05.132+0000] {manager.py:471} INFO - Checking for new files in /opt/airflow/dags every 300 seconds
[2025-11-09T18:03:05.132+0000] {manager.py:738} INFO - Searching for files in /opt/airflow/dags
[2025-11-09T18:03:05.135+0000] {manager.py:741} INFO - There are 1 files in /opt/airflow/dags
[2025-11-09T18:03:05.200+0000] {manager.py:879} INFO - 
================================================================================
DAG File Processing Stats

File Path                                         PID  Runtime      # DAGs    # Errors  Last Runtime    Last Run
----------------------------------------------  -----  ---------  --------  ----------  --------------  ----------
/opt/airflow/dags/ceiling_grid_pipeline_dag.py    165  0.03s             0           0
================================================================================
[2025-11-09T18:03:35.431+0000] {manager.py:879} INFO - 
================================================================================
DAG File Processing Stats

File Path                                         PID  Runtime      # DAGs    # Errors  Last Runtime    Last Run
----------------------------------------------  -----  ---------  --------  ----------  --------------  -------------------
/opt/airflow/dags/ceiling_grid_pipeline_dag.py    192  0.01s             1           0  0.10s           2025-11-09T18:03:05
================================================================================
[2025-11-09T18:04:05.785+0000] {manager.py:879} INFO - 
================================================================================
DAG File Processing Stats

File Path                                         PID  Runtime      # DAGs    # Errors  Last Runtime    Last Run
----------------------------------------------  -----  ---------  --------  ----------  --------------  -------------------
/opt/airflow/dags/ceiling_grid_pipeline_dag.py    211  0.02s             1           0  0.11s           2025-11-09T18:03:35
================================================================================
[2025-11-09T18:04:36.120+0000] {manager.py:879} INFO - 
================================================================================
DAG File Processing Stats

File Path                                         PID  Runtime      # DAGs    # Errors  Last Runtime    Last Run
----------------------------------------------  -----  ---------  --------  ----------  --------------  -------------------
/opt/airflow/dags/ceiling_grid_pipeline_dag.py    237  0.02s             1           0  0.17s           2025-11-09T18:04:05
================================================================================
[2025-11-09T18:05:06.513+0000] {manager.py:879} INFO - 
================================================================================
DAG File Processing Stats

File Path                                         PID  Runtime      # DAGs    # Errors  Last Runtime    Last Run
----------------------------------------------  -----  ---------  --------  ----------  --------------  -------------------
/opt/airflow/dags/ceiling_grid_pipeline_dag.py    262  0.01s             1           0  0.14s           2025-11-09T18:04:36
================================================================================
[2025-11-09T18:05:36.845+0000] {manager.py:879} INFO - 
================================================================================
DAG File Processing Stats

File Path                                         PID  Runtime      # DAGs    # Errors  Last Runtime    Last Run
----------------------------------------------  -----  ---------  --------  ----------  --------------  -------------------
/opt/airflow/dags/ceiling_grid_pipeline_dag.py    280  0.01s             1           0  0.09s           2025-11-09T18:05:06
================================================================================
[2025-11-09T18:06:07.237+0000] {manager.py:879} INFO - 
================================================================================
DAG File Processing Stats

File Path                                         PID  Runtime      # DAGs    # Errors  Last Runtime    Last Run
----------------------------------------------  -----  ---------  --------  ----------  --------------  -------------------
/opt/airflow/dags/ceiling_grid_pipeline_dag.py    306  0.01s             1           0  0.12s           2025-11-09T18:05:36
================================================================================
[2025-11-09T18:06:37.607+0000] {manager.py:879} INFO - 
================================================================================
DAG File Processing Stats

File Path                                         PID  Runtime      # DAGs    # Errors  Last Runtime    Last Run
----------------------------------------------  -----  ---------  --------  ----------  --------------  -------------------
/opt/airflow/dags/ceiling_grid_pipeline_dag.py    334  0.01s             1           0  0.11s           2025-11-09T18:06:07
================================================================================
[2025-11-09T18:07:07.968+0000] {manager.py:879} INFO - 
================================================================================
DAG File Processing Stats

File Path                                         PID  Runtime      # DAGs    # Errors  Last Runtime    Last Run
----------------------------------------------  -----  ---------  --------  ----------  --------------  -------------------
/opt/airflow/dags/ceiling_grid_pipeline_dag.py    360  0.01s             1           0  0.11s           2025-11-09T18:06:37
================================================================================
[2025-11-09T18:07:38.331+0000] {manager.py:879} INFO - 
================================================================================
DAG File Processing Stats

File Path                                         PID  Runtime      # DAGs    # Errors  Last Runtime    Last Run
----------------------------------------------  -----  ---------  --------  ----------  --------------  -------------------
/opt/airflow/dags/ceiling_grid_pipeline_dag.py    379  0.01s             1           0  0.11s           2025-11-09T18:07:08
================================================================================
[2025-11-09T18:08:05.665+0000] {manager.py:738} INFO - Searching for files in /opt/airflow/dags
[2025-11-09T18:08:05.677+0000] {manager.py:741} INFO - There are 1 files in /opt/airflow/dags
[2025-11-09T18:08:08.771+0000] {manager.py:879} INFO - 
================================================================================
DAG File Processing Stats

File Path                                         PID  Runtime      # DAGs    # Errors  Last Runtime    Last Run
----------------------------------------------  -----  ---------  --------  ----------  --------------  -------------------
/opt/airflow/dags/ceiling_grid_pipeline_dag.py    405  0.01s             1           0  0.13s           2025-11-09T18:07:38
================================================================================
[2025-11-09T18:08:39.152+0000] {manager.py:879} INFO - 
================================================================================
DAG File Processing Stats

File Path                                         PID  Runtime      # DAGs    # Errors  Last Runtime    Last Run
----------------------------------------------  -----  ---------  --------  ----------  --------------  -------------------
/opt/airflow/dags/ceiling_grid_pipeline_dag.py    431  0.01s             1           0  0.13s           2025-11-09T18:08:08
================================================================================
[2025-11-09T18:09:09.825+0000] {manager.py:879} INFO - 
================================================================================
DAG File Processing Stats

File Path                                         PID  Runtime      # DAGs    # Errors  Last Runtime    Last Run
----------------------------------------------  -----  ---------  --------  ----------  --------------  -------------------
/opt/airflow/dags/ceiling_grid_pipeline_dag.py    450  0.05s             1           0  0.12s           2025-11-09T18:08:39
================================================================================
[2025-11-09T18:09:40.788+0000] {manager.py:879} INFO - 
================================================================================
DAG File Processing Stats

File Path                                         PID  Runtime      # DAGs    # Errors  Last Runtime    Last Run
----------------------------------------------  -----  ---------  --------  ----------  --------------  -------------------
/opt/airflow/dags/ceiling_grid_pipeline_dag.py    475  0.01s             1           0  0.40s           2025-11-09T18:09:10
================================================================================
[2025-11-09T18:10:11.542+0000] {manager.py:879} INFO - 
================================================================================
DAG File Processing Stats

File Path                                         PID  Runtime      # DAGs    # Errors  Last Runtime    Last Run
----------------------------------------------  -----  ---------  --------  ----------  --------------  -------------------
/opt/airflow/dags/ceiling_grid_pipeline_dag.py    494  0.05s             1           0  0.18s           2025-11-09T18:09:40
================================================================================
[2025-11-09T18:10:41.990+0000] {manager.py:879} INFO - 
================================================================================
DAG File Processing Stats

File Path                                         PID  Runtime      # DAGs    # Errors  Last Runtime    Last Run
----------------------------------------------  -----  ---------  --------  ----------  --------------  -------------------
/opt/airflow/dags/ceiling_grid_pipeline_dag.py    520  0.02s             1           0  0.23s           2025-11-09T18:10:11
================================================================================
[2025-11-09T18:11:12.454+0000] {manager.py:879} INFO - 
================================================================================
DAG File Processing Stats

File Path                                         PID  Runtime      # DAGs    # Errors  Last Runtime    Last Run
----------------------------------------------  -----  ---------  --------  ----------  --------------  -------------------
/opt/airflow/dags/ceiling_grid_pipeline_dag.py    539  0.03s             1           0  0.14s           2025-11-09T18:10:42
================================================================================
[2025-11-09T18:11:35.479+0000] {manager.py:451} INFO - Exiting gracefully upon receiving signal 15
[2025-11-09T18:11:45.282+0000] {manager.py:469} INFO - Processing files using up to 2 processes at a time 
[2025-11-09T18:11:45.284+0000] {manager.py:470} INFO - Process each file at most once every 30 seconds
[2025-11-09T18:11:45.289+0000] {manager.py:471} INFO - Checking for new files in /opt/airflow/dags every 300 seconds
[2025-11-09T18:11:45.291+0000] {manager.py:738} INFO - Searching for files in /opt/airflow/dags
[2025-11-09T18:11:45.297+0000] {manager.py:741} INFO - There are 1 files in /opt/airflow/dags
[2025-11-09T18:11:45.417+0000] {manager.py:879} INFO - 
================================================================================
DAG File Processing Stats

File Path                                         PID  Runtime      # DAGs    # Errors  Last Runtime    Last Run
----------------------------------------------  -----  ---------  --------  ----------  --------------  ----------
/opt/airflow/dags/ceiling_grid_pipeline_dag.py    165  0.05s             0           0
================================================================================
[2025-11-09T18:12:15.737+0000] {manager.py:879} INFO - 
================================================================================
DAG File Processing Stats

File Path                                         PID  Runtime      # DAGs    # Errors  Last Runtime    Last Run
----------------------------------------------  -----  ---------  --------  ----------  --------------  -------------------
/opt/airflow/dags/ceiling_grid_pipeline_dag.py    192  0.02s             1           0  0.15s           2025-11-09T18:11:45
================================================================================
[2025-11-09T18:12:46.090+0000] {manager.py:879} INFO - 
================================================================================
DAG File Processing Stats

File Path                                         PID  Runtime      # DAGs    # Errors  Last Runtime    Last Run
----------------------------------------------  -----  ---------  --------  ----------  --------------  -------------------
/opt/airflow/dags/ceiling_grid_pipeline_dag.py    218  0.01s             1           0  0.11s           2025-11-09T18:12:15
================================================================================
[2025-11-09T18:13:16.483+0000] {manager.py:879} INFO - 
================================================================================
DAG File Processing Stats

File Path                                         PID  Runtime      # DAGs    # Errors  Last Runtime    Last Run
----------------------------------------------  -----  ---------  --------  ----------  --------------  -------------------
/opt/airflow/dags/ceiling_grid_pipeline_dag.py    237  0.02s             1           0  0.10s           2025-11-09T18:12:46
================================================================================
[2025-11-09T18:13:46.944+0000] {manager.py:879} INFO - 
================================================================================
DAG File Processing Stats

File Path                                         PID  Runtime      # DAGs    # Errors  Last Runtime    Last Run
----------------------------------------------  -----  ---------  --------  ----------  --------------  -------------------
/opt/airflow/dags/ceiling_grid_pipeline_dag.py    265  0.01s             1           0  0.15s           2025-11-09T18:13:16
================================================================================
[2025-11-09T18:14:17.776+0000] {manager.py:879} INFO - 
================================================================================
DAG File Processing Stats

File Path                                         PID  Runtime      # DAGs    # Errors  Last Runtime    Last Run
----------------------------------------------  -----  ---------  --------  ----------  --------------  -------------------
/opt/airflow/dags/ceiling_grid_pipeline_dag.py    290  0.03s             1           0  0.19s           2025-11-09T18:13:47
================================================================================
[2025-11-09T18:14:48.269+0000] {manager.py:879} INFO - 
================================================================================
DAG File Processing Stats

File Path                                         PID  Runtime      # DAGs    # Errors  Last Runtime    Last Run
----------------------------------------------  -----  ---------  --------  ----------  --------------  -------------------
/opt/airflow/dags/ceiling_grid_pipeline_dag.py    316  0.01s             1           0  0.27s           2025-11-09T18:14:18
================================================================================
[2025-11-09T18:15:18.628+0000] {manager.py:879} INFO - 
================================================================================
DAG File Processing Stats

File Path                                         PID  Runtime      # DAGs    # Errors  Last Runtime    Last Run
----------------------------------------------  -----  ---------  --------  ----------  --------------  -------------------
/opt/airflow/dags/ceiling_grid_pipeline_dag.py    342  0.01s             1           0  0.18s           2025-11-09T18:14:48
================================================================================
[2025-11-09T18:15:49.151+0000] {manager.py:879} INFO - 
================================================================================
DAG File Processing Stats

File Path                                         PID  Runtime      # DAGs    # Errors  Last Runtime    Last Run
----------------------------------------------  -----  ---------  --------  ----------  --------------  -------------------
/opt/airflow/dags/ceiling_grid_pipeline_dag.py    361  0.03s             1           0  0.11s           2025-11-09T18:15:18
================================================================================
[2025-11-09T18:16:19.522+0000] {manager.py:879} INFO - 
================================================================================
DAG File Processing Stats

File Path                                         PID  Runtime      # DAGs    # Errors  Last Runtime    Last Run
----------------------------------------------  -----  ---------  --------  ----------  --------------  -------------------
/opt/airflow/dags/ceiling_grid_pipeline_dag.py    387  0.02s             1           0  0.32s           2025-11-09T18:15:49
================================================================================
[2025-11-09T18:16:45.959+0000] {manager.py:738} INFO - Searching for files in /opt/airflow/dags
[2025-11-09T18:16:45.973+0000] {manager.py:741} INFO - There are 1 files in /opt/airflow/dags
[2025-11-09T18:16:50.057+0000] {manager.py:879} INFO - 
================================================================================
DAG File Processing Stats

File Path                                         PID  Runtime      # DAGs    # Errors  Last Runtime    Last Run
----------------------------------------------  -----  ---------  --------  ----------  --------------  -------------------
/opt/airflow/dags/ceiling_grid_pipeline_dag.py    412  0.01s             1           0  0.23s           2025-11-09T18:16:19
================================================================================
[2025-11-09T18:17:20.435+0000] {manager.py:879} INFO - 
================================================================================
DAG File Processing Stats

File Path                                         PID  Runtime      # DAGs    # Errors  Last Runtime    Last Run
----------------------------------------------  -----  ---------  --------  ----------  --------------  -------------------
/opt/airflow/dags/ceiling_grid_pipeline_dag.py    432  0.02s             1           0  0.12s           2025-11-09T18:16:50
================================================================================
[2025-11-09T18:17:50.801+0000] {manager.py:879} INFO - 
================================================================================
DAG File Processing Stats

File Path                                         PID  Runtime      # DAGs    # Errors  Last Runtime    Last Run
----------------------------------------------  -----  ---------  --------  ----------  --------------  -------------------
/opt/airflow/dags/ceiling_grid_pipeline_dag.py    457  0.01s             1           0  0.15s           2025-11-09T18:17:20
================================================================================
[2025-11-09T18:18:21.096+0000] {manager.py:879} INFO - 
================================================================================
DAG File Processing Stats

File Path                                         PID  Runtime      # DAGs    # Errors  Last Runtime    Last Run
----------------------------------------------  -----  ---------  --------  ----------  --------------  -------------------
/opt/airflow/dags/ceiling_grid_pipeline_dag.py    483  0.01s             1           0  0.15s           2025-11-09T18:17:50
================================================================================
[2025-11-09T18:18:51.628+0000] {manager.py:879} INFO - 
================================================================================
DAG File Processing Stats

File Path                                         PID  Runtime      # DAGs    # Errors  Last Runtime    Last Run
----------------------------------------------  -----  ---------  --------  ----------  --------------  -------------------
/opt/airflow/dags/ceiling_grid_pipeline_dag.py    502  0.03s             1           0  0.12s           2025-11-09T18:18:21
================================================================================
[2025-11-09T18:18:54.998+0000] {manager.py:451} INFO - Exiting gracefully upon receiving signal 15
[2025-11-09T18:19:03.616+0000] {manager.py:469} INFO - Processing files using up to 2 processes at a time 
[2025-11-09T18:19:03.617+0000] {manager.py:470} INFO - Process each file at most once every 30 seconds
[2025-11-09T18:19:03.618+0000] {manager.py:471} INFO - Checking for new files in /opt/airflow/dags every 300 seconds
[2025-11-09T18:19:03.618+0000] {manager.py:738} INFO - Searching for files in /opt/airflow/dags
[2025-11-09T18:19:03.620+0000] {manager.py:741} INFO - There are 1 files in /opt/airflow/dags
[2025-11-09T18:19:03.687+0000] {manager.py:879} INFO - 
================================================================================
DAG File Processing Stats

File Path                                         PID  Runtime      # DAGs    # Errors  Last Runtime    Last Run
----------------------------------------------  -----  ---------  --------  ----------  --------------  ----------
/opt/airflow/dags/ceiling_grid_pipeline_dag.py    165  0.04s             0           0
================================================================================
[2025-11-09T18:19:34.107+0000] {manager.py:879} INFO - 
================================================================================
DAG File Processing Stats

File Path                                         PID  Runtime      # DAGs    # Errors  Last Runtime    Last Run
----------------------------------------------  -----  ---------  --------  ----------  --------------  -------------------
/opt/airflow/dags/ceiling_grid_pipeline_dag.py    192  0.08s             1           0  0.11s           2025-11-09T18:19:03
================================================================================
[2025-11-09T18:20:04.710+0000] {manager.py:879} INFO - 
================================================================================
DAG File Processing Stats

File Path                                         PID  Runtime      # DAGs    # Errors  Last Runtime    Last Run
----------------------------------------------  -----  ---------  --------  ----------  --------------  -------------------
/opt/airflow/dags/ceiling_grid_pipeline_dag.py    219  0.03s             1           0  0.32s           2025-11-09T18:19:34
================================================================================
[2025-11-09T18:20:35.134+0000] {manager.py:879} INFO - 
================================================================================
DAG File Processing Stats

File Path                                         PID  Runtime      # DAGs    # Errors  Last Runtime    Last Run
----------------------------------------------  -----  ---------  --------  ----------  --------------  -------------------
/opt/airflow/dags/ceiling_grid_pipeline_dag.py    245  0.02s             1           0  0.21s           2025-11-09T18:20:04
================================================================================
[2025-11-09T18:21:05.477+0000] {manager.py:879} INFO - 
================================================================================
DAG File Processing Stats

File Path                                         PID  Runtime      # DAGs    # Errors  Last Runtime    Last Run
----------------------------------------------  -----  ---------  --------  ----------  --------------  -------------------
/opt/airflow/dags/ceiling_grid_pipeline_dag.py    270  0.01s             1           0  0.13s           2025-11-09T18:20:35
================================================================================
[2025-11-09T18:21:36.005+0000] {manager.py:879} INFO - 
================================================================================
DAG File Processing Stats

File Path                                         PID  Runtime      # DAGs    # Errors  Last Runtime    Last Run
----------------------------------------------  -----  ---------  --------  ----------  --------------  -------------------
/opt/airflow/dags/ceiling_grid_pipeline_dag.py    289  0.02s             1           0  0.12s           2025-11-09T18:21:05
================================================================================
[2025-11-09T18:22:06.274+0000] {manager.py:879} INFO - 
================================================================================
DAG File Processing Stats

File Path                                         PID  Runtime      # DAGs    # Errors  Last Runtime    Last Run
----------------------------------------------  -----  ---------  --------  ----------  --------------  -------------------
/opt/airflow/dags/ceiling_grid_pipeline_dag.py    315  0.01s             1           0  0.12s           2025-11-09T18:21:36
================================================================================
[2025-11-09T18:22:36.553+0000] {manager.py:879} INFO - 
================================================================================
DAG File Processing Stats

File Path                                         PID  Runtime      # DAGs    # Errors  Last Runtime    Last Run
----------------------------------------------  -----  ---------  --------  ----------  --------------  -------------------
/opt/airflow/dags/ceiling_grid_pipeline_dag.py    341  0.01s             1           0  0.11s           2025-11-09T18:22:06
================================================================================
[2025-11-09T18:23:06.853+0000] {manager.py:879} INFO - 
================================================================================
DAG File Processing Stats

File Path                                         PID  Runtime      # DAGs    # Errors  Last Runtime    Last Run
----------------------------------------------  -----  ---------  --------  ----------  --------------  -------------------
/opt/airflow/dags/ceiling_grid_pipeline_dag.py    360  0.01s             1           0  0.09s           2025-11-09T18:22:36
================================================================================
[2025-11-09T18:23:37.165+0000] {manager.py:879} INFO - 
================================================================================
DAG File Processing Stats

File Path                                         PID  Runtime      # DAGs    # Errors  Last Runtime    Last Run
----------------------------------------------  -----  ---------  --------  ----------  --------------  -------------------
/opt/airflow/dags/ceiling_grid_pipeline_dag.py    386  0.02s             1           0  0.09s           2025-11-09T18:23:06
================================================================================
[2025-11-09T18:24:04.438+0000] {manager.py:738} INFO - Searching for files in /opt/airflow/dags
[2025-11-09T18:24:04.443+0000] {manager.py:741} INFO - There are 1 files in /opt/airflow/dags
[2025-11-09T18:24:07.516+0000] {manager.py:879} INFO - 
================================================================================
DAG File Processing Stats

File Path                                         PID  Runtime      # DAGs    # Errors  Last Runtime    Last Run
----------------------------------------------  -----  ---------  --------  ----------  --------------  -------------------
/opt/airflow/dags/ceiling_grid_pipeline_dag.py    412  0.01s             1           0  0.14s           2025-11-09T18:23:37
================================================================================
[2025-11-09T18:24:37.861+0000] {manager.py:879} INFO - 
================================================================================
DAG File Processing Stats

File Path                                         PID  Runtime      # DAGs    # Errors  Last Runtime    Last Run
----------------------------------------------  -----  ---------  --------  ----------  --------------  -------------------
/opt/airflow/dags/ceiling_grid_pipeline_dag.py    438  0.00s             1           0  0.13s           2025-11-09T18:24:07
================================================================================
[2025-11-09T18:25:08.244+0000] {manager.py:879} INFO - 
================================================================================
DAG File Processing Stats

File Path                                         PID  Runtime      # DAGs    # Errors  Last Runtime    Last Run
----------------------------------------------  -----  ---------  --------  ----------  --------------  -------------------
/opt/airflow/dags/ceiling_grid_pipeline_dag.py    457  0.01s             1           0  0.08s           2025-11-09T18:24:37
================================================================================
[2025-11-09T18:25:38.626+0000] {manager.py:879} INFO - 
================================================================================
DAG File Processing Stats

File Path                                         PID  Runtime      # DAGs    # Errors  Last Runtime    Last Run
----------------------------------------------  -----  ---------  --------  ----------  --------------  -------------------
/opt/airflow/dags/ceiling_grid_pipeline_dag.py    483  0.01s             1           0  0.15s           2025-11-09T18:25:08
================================================================================
[2025-11-09T18:26:09.009+0000] {manager.py:879} INFO - 
================================================================================
DAG File Processing Stats

File Path                                         PID  Runtime      # DAGs    # Errors  Last Runtime    Last Run
----------------------------------------------  -----  ---------  --------  ----------  --------------  -------------------
/opt/airflow/dags/ceiling_grid_pipeline_dag.py    509  0.01s             1           0  0.10s           2025-11-09T18:25:38
================================================================================
[2025-11-09T18:26:39.411+0000] {manager.py:879} INFO - 
================================================================================
DAG File Processing Stats

File Path                                         PID  Runtime      # DAGs    # Errors  Last Runtime    Last Run
----------------------------------------------  -----  ---------  --------  ----------  --------------  -------------------
/opt/airflow/dags/ceiling_grid_pipeline_dag.py    528  0.01s             1           0  0.11s           2025-11-09T18:26:09
================================================================================
[2025-11-09T18:27:09.863+0000] {manager.py:879} INFO - 
================================================================================
DAG File Processing Stats

File Path                                         PID  Runtime      # DAGs    # Errors  Last Runtime    Last Run
----------------------------------------------  -----  ---------  --------  ----------  --------------  -------------------
/opt/airflow/dags/ceiling_grid_pipeline_dag.py    554  0.01s             1           0  0.15s           2025-11-09T18:26:39
================================================================================
[2025-11-09T18:27:40.190+0000] {manager.py:879} INFO - 
================================================================================
DAG File Processing Stats

File Path                                         PID  Runtime      # DAGs    # Errors  Last Runtime    Last Run
----------------------------------------------  -----  ---------  --------  ----------  --------------  -------------------
/opt/airflow/dags/ceiling_grid_pipeline_dag.py    579  0.01s             1           0  0.12s           2025-11-09T18:27:09
================================================================================
[2025-11-09T18:28:10.693+0000] {manager.py:879} INFO - 
================================================================================
DAG File Processing Stats

File Path                                         PID  Runtime      # DAGs    # Errors  Last Runtime    Last Run
----------------------------------------------  -----  ---------  --------  ----------  --------------  -------------------
/opt/airflow/dags/ceiling_grid_pipeline_dag.py    598  0.03s             1           0  0.07s           2025-11-09T18:27:40
================================================================================
[2025-11-09T18:28:41.127+0000] {manager.py:879} INFO - 
================================================================================
DAG File Processing Stats

File Path                                         PID  Runtime      # DAGs    # Errors  Last Runtime    Last Run
----------------------------------------------  -----  ---------  --------  ----------  --------------  -------------------
/opt/airflow/dags/ceiling_grid_pipeline_dag.py    624  0.01s             1           0  0.18s           2025-11-09T18:28:10
================================================================================
[2025-11-09T18:29:04.446+0000] {manager.py:738} INFO - Searching for files in /opt/airflow/dags
[2025-11-09T18:29:04.454+0000] {manager.py:741} INFO - There are 1 files in /opt/airflow/dags
[2025-11-09T18:29:11.588+0000] {manager.py:879} INFO - 
================================================================================
DAG File Processing Stats

File Path                                         PID  Runtime      # DAGs    # Errors  Last Runtime    Last Run
----------------------------------------------  -----  ---------  --------  ----------  --------------  -------------------
/opt/airflow/dags/ceiling_grid_pipeline_dag.py    650  0.01s             1           0  0.12s           2025-11-09T18:28:41
================================================================================
[2025-11-09T18:29:41.964+0000] {manager.py:879} INFO - 
================================================================================
DAG File Processing Stats

File Path                                         PID  Runtime      # DAGs    # Errors  Last Runtime    Last Run
----------------------------------------------  -----  ---------  --------  ----------  --------------  -------------------
/opt/airflow/dags/ceiling_grid_pipeline_dag.py    676  0.00s             1           0  0.10s           2025-11-09T18:29:11
================================================================================
[2025-11-09T18:30:12.320+0000] {manager.py:879} INFO - 
================================================================================
DAG File Processing Stats

File Path                                         PID  Runtime      # DAGs    # Errors  Last Runtime    Last Run
----------------------------------------------  -----  ---------  --------  ----------  --------------  -------------------
/opt/airflow/dags/ceiling_grid_pipeline_dag.py    695  0.01s             1           0  0.09s           2025-11-09T18:29:42
================================================================================
[2025-11-09T18:30:42.748+0000] {manager.py:879} INFO - 
================================================================================
DAG File Processing Stats

File Path                                         PID  Runtime      # DAGs    # Errors  Last Runtime    Last Run
----------------------------------------------  -----  ---------  --------  ----------  --------------  -------------------
/opt/airflow/dags/ceiling_grid_pipeline_dag.py    721  0.02s             1           0  0.10s           2025-11-09T18:30:12
================================================================================
