[2025-11-09T18:19:35.296+0000] {taskinstance.py:1956} INFO - Dependencies all met for dep_context=non-requeueable deps ti=<TaskInstance: ceiling_grid_pipeline.run_parallel_light_models manual__2025-11-09T18:19:34.061574+00:00 [queued]>
[2025-11-09T18:19:35.306+0000] {taskinstance.py:1956} INFO - Dependencies all met for dep_context=requeueable deps ti=<TaskInstance: ceiling_grid_pipeline.run_parallel_light_models manual__2025-11-09T18:19:34.061574+00:00 [queued]>
[2025-11-09T18:19:35.307+0000] {taskinstance.py:2170} INFO - Starting attempt 1 of 2
[2025-11-09T18:19:35.324+0000] {taskinstance.py:2191} INFO - Executing <Task(PythonOperator): run_parallel_light_models> on 2025-11-09 18:19:34.061574+00:00
[2025-11-09T18:19:35.335+0000] {standard_task_runner.py:60} INFO - Started process 198 to run task
[2025-11-09T18:19:35.338+0000] {standard_task_runner.py:87} INFO - Running: ['***', 'tasks', 'run', 'ceiling_grid_pipeline', 'run_parallel_light_models', 'manual__2025-11-09T18:19:34.061574+00:00', '--job-id', '18', '--raw', '--subdir', 'DAGS_FOLDER/ceiling_grid_pipeline_dag.py', '--cfg-path', '/tmp/tmp_c6itw06']
[2025-11-09T18:19:35.343+0000] {standard_task_runner.py:88} INFO - Job 18: Subtask run_parallel_light_models
[2025-11-09T18:19:35.418+0000] {task_command.py:423} INFO - Running <TaskInstance: ceiling_grid_pipeline.run_parallel_light_models manual__2025-11-09T18:19:34.061574+00:00 [running]> on host cf20012a56c1
[2025-11-09T18:19:35.535+0000] {taskinstance.py:2480} INFO - Exporting env vars: AIRFLOW_CTX_DAG_OWNER='mlops-team' AIRFLOW_CTX_DAG_ID='ceiling_grid_pipeline' AIRFLOW_CTX_TASK_ID='run_parallel_light_models' AIRFLOW_CTX_EXECUTION_DATE='2025-11-09T18:19:34.061574+00:00' AIRFLOW_CTX_TRY_NUMBER='1' AIRFLOW_CTX_DAG_RUN_ID='manual__2025-11-09T18:19:34.061574+00:00'
[2025-11-09T18:19:35.574+0000] {logging_mixin.py:188} WARNING - /home/***/.local/lib/python3.11/site-packages/pydantic/_internal/_fields.py:149 UserWarning: Field "model_name" has conflict with protected namespace "model_".

You may be able to resolve this warning by setting `model_config['protected_namespaces'] = ()`.
[2025-11-09T18:19:35.652+0000] {logging_mixin.py:188} INFO - 2025-11-09T18:19:35.652478Z [info     ] parallel_stage_start           grid_id=room-001 num_models=3 stage=parallel_light_placement
[2025-11-09T18:19:35.654+0000] {logging_mixin.py:188} INFO - 2025-11-09T18:19:35.654535Z [info     ] model_execution_complete       confidence=0.7383 duration_ms=1.21 model=light_model_a_dense stage=parallel_light_placement
[2025-11-09T18:19:35.656+0000] {logging_mixin.py:188} INFO - 2025-11-09T18:19:35.655912Z [info     ] model_execution_complete       confidence=1.0 duration_ms=0.76 model=light_model_b_sparse stage=parallel_light_placement
[2025-11-09T18:19:35.657+0000] {logging_mixin.py:188} INFO - 2025-11-09T18:19:35.656996Z [info     ] model_execution_complete       confidence=1.0 duration_ms=0.67 model=light_model_c_balanced stage=parallel_light_placement
[2025-11-09T18:19:35.657+0000] {logging_mixin.py:188} INFO - 2025-11-09T18:19:35.657289Z [info     ] model_selected                 candidate_models=3 confidence=1.0 selected_model=light_model_b_sparse
[2025-11-09T18:19:35.676+0000] {python.py:201} INFO - Done. Returned value was: ✅ Selected light_model_b_sparse | Confidence: 1.0000 | Lights placed: 18
[2025-11-09T18:19:35.699+0000] {taskinstance.py:1138} INFO - Marking task as SUCCESS. dag_id=ceiling_grid_pipeline, task_id=run_parallel_light_models, execution_date=20251109T181934, start_date=20251109T181935, end_date=20251109T181935
[2025-11-09T18:19:35.731+0000] {local_task_job_runner.py:234} INFO - Task exited with return code 0
[2025-11-09T18:19:35.765+0000] {taskinstance.py:3280} INFO - 1 downstream tasks scheduled from follow-on schedule check
